----------------------------------------------

ax
DatasetDict({
    test: Dataset({
        features: ['premise', 'hypothesis', 'label', 'idx'],
        num_rows: 1104
    })
})
----------------------------------------------

----------------------------------------------

cola
DatasetDict({
    train: Dataset({
        features: ['sentence', 'label', 'idx'],
        num_rows: 8551
    })
    validation: Dataset({
        features: ['sentence', 'label', 'idx'],
        num_rows: 1043
    })
    test: Dataset({
        features: ['sentence', 'label', 'idx'],
        num_rows: 1063
    })
})
----------------------------------------------

----------------------------------------------

mnli
DatasetDict({
    train: Dataset({
        features: ['premise', 'hypothesis', 'label', 'idx'],
        num_rows: 392702
    })
    validation_matched: Dataset({
        features: ['premise', 'hypothesis', 'label', 'idx'],
        num_rows: 9815
    })
    validation_mismatched: Dataset({
        features: ['premise', 'hypothesis', 'label', 'idx'],
        num_rows: 9832
    })
    test_matched: Dataset({
        features: ['premise', 'hypothesis', 'label', 'idx'],
        num_rows: 9796
    })
    test_mismatched: Dataset({
        features: ['premise', 'hypothesis', 'label', 'idx'],
        num_rows: 9847
    })
})
----------------------------------------------

----------------------------------------------

mnli_matched
DatasetDict({
    validation: Dataset({
        features: ['premise', 'hypothesis', 'label', 'idx'],
        num_rows: 9815
    })
    test: Dataset({
        features: ['premise', 'hypothesis', 'label', 'idx'],
        num_rows: 9796
    })
})
----------------------------------------------

----------------------------------------------

mnli_mismatched
DatasetDict({
    validation: Dataset({
        features: ['premise', 'hypothesis', 'label', 'idx'],
        num_rows: 9832
    })
    test: Dataset({
        features: ['premise', 'hypothesis', 'label', 'idx'],
        num_rows: 9847
    })
})
----------------------------------------------

----------------------------------------------

mrpc
DatasetDict({
    train: Dataset({
        features: ['sentence1', 'sentence2', 'label', 'idx'],
        num_rows: 3668
    })
    validation: Dataset({
        features: ['sentence1', 'sentence2', 'label', 'idx'],
        num_rows: 408
    })
    test: Dataset({
        features: ['sentence1', 'sentence2', 'label', 'idx'],
        num_rows: 1725
    })
})
----------------------------------------------

----------------------------------------------

qnli
DatasetDict({
    train: Dataset({
        features: ['question', 'sentence', 'label', 'idx'],
        num_rows: 104743
    })
    validation: Dataset({
        features: ['question', 'sentence', 'label', 'idx'],
        num_rows: 5463
    })
    test: Dataset({
        features: ['question', 'sentence', 'label', 'idx'],
        num_rows: 5463
    })
})
----------------------------------------------

----------------------------------------------

qqp
DatasetDict({
    train: Dataset({
        features: ['question1', 'question2', 'label', 'idx'],
        num_rows: 363846
    })
    validation: Dataset({
        features: ['question1', 'question2', 'label', 'idx'],
        num_rows: 40430
    })
    test: Dataset({
        features: ['question1', 'question2', 'label', 'idx'],
        num_rows: 390965
    })
})
----------------------------------------------

----------------------------------------------

rte
DatasetDict({
    train: Dataset({
        features: ['sentence1', 'sentence2', 'label', 'idx'],
        num_rows: 2490
    })
    validation: Dataset({
        features: ['sentence1', 'sentence2', 'label', 'idx'],
        num_rows: 277
    })
    test: Dataset({
        features: ['sentence1', 'sentence2', 'label', 'idx'],
        num_rows: 3000
    })
})
----------------------------------------------

----------------------------------------------

sst2
DatasetDict({
    train: Dataset({
        features: ['sentence', 'label', 'idx'],
        num_rows: 67349
    })
    validation: Dataset({
        features: ['sentence', 'label', 'idx'],
        num_rows: 872
    })
    test: Dataset({
        features: ['sentence', 'label', 'idx'],
        num_rows: 1821
    })
})
----------------------------------------------

----------------------------------------------

stsb
DatasetDict({
    train: Dataset({
        features: ['sentence1', 'sentence2', 'label', 'idx'],
        num_rows: 5749
    })
    validation: Dataset({
        features: ['sentence1', 'sentence2', 'label', 'idx'],
        num_rows: 1500
    })
    test: Dataset({
        features: ['sentence1', 'sentence2', 'label', 'idx'],
        num_rows: 1379
    })
})
----------------------------------------------

----------------------------------------------

wnli
DatasetDict({
    train: Dataset({
        features: ['sentence1', 'sentence2', 'label', 'idx'],
        num_rows: 635
    })
    validation: Dataset({
        features: ['sentence1', 'sentence2', 'label', 'idx'],
        num_rows: 71
    })
    test: Dataset({
        features: ['sentence1', 'sentence2', 'label', 'idx'],
        num_rows: 146
    })
})
----------------------------------------------

----------------------------------------------

----------------------------------------------

wnli
Dataset({
    features: ['sentence', 'label', 'idx'],
    num_rows: 10
})
----------------------------------------------

----------------------------------------------

